<?xml version="1.0" encoding="UTF-8"?>
<testsuite name="com.breath_of_the_wild_be.BreathOfTheWildBeApplicationTests" tests="1" skipped="0" failures="0" errors="0" timestamp="2024-05-28T05:45:52" hostname="YANGSHIN" time="0.351">
  <properties/>
  <testcase name="contextLoads()" classname="com.breath_of_the_wild_be.BreathOfTheWildBeApplicationTests" time="0.351"/>
  <system-out><![CDATA[14:45:46.861 [Test worker] INFO org.springframework.test.context.support.AnnotationConfigContextLoaderUtils -- Could not detect default configuration classes for test class [com.breath_of_the_wild_be.BreathOfTheWildBeApplicationTests]: BreathOfTheWildBeApplicationTests does not declare any static, non-private, non-final, nested classes annotated with @Configuration.
14:45:46.942 [Test worker] INFO org.springframework.boot.test.context.SpringBootTestContextBootstrapper -- Found @SpringBootConfiguration com.breath_of_the_wild_be.Breath_Of_The_Wild_BeApplication for test class com.breath_of_the_wild_be.BreathOfTheWildBeApplicationTests

  .   ____          _            __ _ _
 /\\ / ___'_ __ _ _(_)_ __  __ _ \ \ \ \
( ( )\___ | '_ | '_| | '_ \/ _` | \ \ \ \
 \\/  ___)| |_)| | | | | || (_| |  ) ) ) )
  '  |____| .__|_| |_|_| |_\__, | / / / /
 =========|_|==============|___/=/_/_/_/
 :: Spring Boot ::               (v3.1.11)

2024-05-28T14:45:47.271+09:00  INFO 12692 --- [    Test worker] c.b.BreathOfTheWildBeApplicationTests    : Starting BreathOfTheWildBeApplicationTests using Java 17.0.9 with PID 12692 (started by g5626 in C:\Users\g5626\Downloads\feature1\Breath-of-the-Wild_be - 복사본240526 2035)
2024-05-28T14:45:47.272+09:00  INFO 12692 --- [    Test worker] c.b.BreathOfTheWildBeApplicationTests    : No active profile set, falling back to 1 default profile: "default"
2024-05-28T14:45:47.870+09:00  INFO 12692 --- [    Test worker] o.s.b.c.c.annotation.BatchRegistrar      : Finished Spring Batch infrastructure beans configuration in 3 ms.
2024-05-28T14:45:47.876+09:00  INFO 12692 --- [    Test worker] o.s.b.c.c.annotation.BatchRegistrar      : Bean jobRepository already defined in the application context, skipping the registration of a jobRepository
2024-05-28T14:45:47.877+09:00  INFO 12692 --- [    Test worker] o.s.b.c.c.annotation.BatchRegistrar      : Bean jobExplorer already defined in the application context, skipping the registration of a jobExplorer
2024-05-28T14:45:47.877+09:00  INFO 12692 --- [    Test worker] o.s.b.c.c.annotation.BatchRegistrar      : Bean jobLauncher already defined in the application context, skipping the registration of a jobLauncher
2024-05-28T14:45:47.877+09:00  INFO 12692 --- [    Test worker] o.s.b.c.c.annotation.BatchRegistrar      : Bean jobRegistry already defined in the application context, skipping the registration of a jobRegistry
2024-05-28T14:45:47.877+09:00  INFO 12692 --- [    Test worker] o.s.b.c.c.annotation.BatchRegistrar      : Bean jobOperator already defined in the application context, skipping the registration of a jobOperator
2024-05-28T14:45:47.877+09:00  INFO 12692 --- [    Test worker] o.s.b.c.c.annotation.BatchRegistrar      : Finished Spring Batch infrastructure beans configuration in 0 ms.
2024-05-28T14:45:48.122+09:00  INFO 12692 --- [    Test worker] .s.d.r.c.RepositoryConfigurationDelegate : Bootstrapping Spring Data JPA repositories in DEFAULT mode.
2024-05-28T14:45:48.292+09:00  INFO 12692 --- [    Test worker] .s.d.r.c.RepositoryConfigurationDelegate : Finished Spring Data repository scanning in 164 ms. Found 8 JPA repository interfaces.
2024-05-28T14:45:48.744+09:00  INFO 12692 --- [    Test worker] o.hibernate.jpa.internal.util.LogHelper  : HHH000204: Processing PersistenceUnitInfo [name: default]
2024-05-28T14:45:48.798+09:00  INFO 12692 --- [    Test worker] org.hibernate.Version                    : HHH000412: Hibernate ORM core version 6.2.24.Final
2024-05-28T14:45:48.801+09:00  INFO 12692 --- [    Test worker] org.hibernate.cfg.Environment            : HHH000406: Using bytecode reflection optimizer
2024-05-28T14:45:49.012+09:00  INFO 12692 --- [    Test worker] o.s.o.j.p.SpringPersistenceUnitInfo      : No LoadTimeWeaver setup: ignoring JPA class transformer
2024-05-28T14:45:49.037+09:00  INFO 12692 --- [    Test worker] com.zaxxer.hikari.HikariDataSource       : HikariPool-1 - Starting...
2024-05-28T14:45:49.287+09:00  INFO 12692 --- [    Test worker] com.zaxxer.hikari.pool.HikariPool        : HikariPool-1 - Added connection com.mysql.cj.jdbc.ConnectionImpl@40dee07b
2024-05-28T14:45:49.288+09:00  INFO 12692 --- [    Test worker] com.zaxxer.hikari.HikariDataSource       : HikariPool-1 - Start completed.
2024-05-28T14:45:49.341+09:00  WARN 12692 --- [    Test worker] org.hibernate.orm.deprecation            : HHH90000025: MySQLDialect does not need to be specified explicitly using 'hibernate.dialect' (remove the property setting and it will be selected by default)
2024-05-28T14:45:50.243+09:00  INFO 12692 --- [    Test worker] o.h.e.t.j.p.i.JtaPlatformInitiator       : HHH000489: No JTA platform available (set 'hibernate.transaction.jta.platform' to enable JTA platform integration)
2024-05-28T14:45:50.402+09:00  INFO 12692 --- [    Test worker] j.LocalContainerEntityManagerFactoryBean : Initialized JPA EntityManagerFactory for persistence unit 'default'
2024-05-28T14:45:50.436+09:00  INFO 12692 --- [    Test worker] o.s.b.c.r.s.JobRepositoryFactoryBean     : No database type set, using meta data indicating: MYSQL
2024-05-28T14:45:50.735+09:00  INFO 12692 --- [    Test worker] o.s.d.j.r.query.QueryEnhancerFactory     : Hibernate is in classpath; If applicable, HQL parser will be used.
2024-05-28T14:45:51.066+09:00  INFO 12692 --- [    Test worker] o.s.b.c.l.support.SimpleJobLauncher      : No TaskExecutor has been set, defaulting to synchronous executor.
2024-05-28T14:45:51.245+09:00  INFO 12692 --- [    Test worker] .c.a.BatchObservabilityBeanPostProcessor : No Micrometer observation registry found, defaulting to ObservationRegistry.NOOP
2024-05-28T14:45:51.250+09:00  INFO 12692 --- [    Test worker] .c.a.BatchObservabilityBeanPostProcessor : No Micrometer observation registry found, defaulting to ObservationRegistry.NOOP
2024-05-28T14:45:51.251+09:00  INFO 12692 --- [    Test worker] .c.a.BatchObservabilityBeanPostProcessor : No Micrometer observation registry found, defaulting to ObservationRegistry.NOOP
2024-05-28T14:45:51.251+09:00  INFO 12692 --- [    Test worker] .c.a.BatchObservabilityBeanPostProcessor : No Micrometer observation registry found, defaulting to ObservationRegistry.NOOP
2024-05-28T14:45:51.252+09:00  INFO 12692 --- [    Test worker] .c.a.BatchObservabilityBeanPostProcessor : No Micrometer observation registry found, defaulting to ObservationRegistry.NOOP
2024-05-28T14:45:51.252+09:00  INFO 12692 --- [    Test worker] .c.a.BatchObservabilityBeanPostProcessor : No Micrometer observation registry found, defaulting to ObservationRegistry.NOOP
2024-05-28T14:45:51.662+09:00  INFO 12692 --- [    Test worker] o.s.s.web.DefaultSecurityFilterChain     : Will secure any request with [org.springframework.security.web.session.DisableEncodeUrlFilter@40ee664c, org.springframework.security.web.context.request.async.WebAsyncManagerIntegrationFilter@52072c45, org.springframework.security.web.context.SecurityContextHolderFilter@7dc0b40a, org.springframework.security.web.header.HeaderWriterFilter@68bbd5c2, org.springframework.web.filter.CorsFilter@6951e062, org.springframework.security.web.authentication.logout.LogoutFilter@511936ad, org.springframework.security.oauth2.client.web.OAuth2AuthorizationRequestRedirectFilter@507c795e, org.springframework.security.oauth2.client.web.OAuth2LoginAuthenticationFilter@472c13d, com.breath_of_the_wild_be.security.jwt.JwtAuthenticationFilter@627a1c77, org.springframework.security.web.savedrequest.RequestCacheAwareFilter@65f68e96, org.springframework.security.web.servletapi.SecurityContextHolderAwareRequestFilter@329f649d, org.springframework.security.web.authentication.AnonymousAuthenticationFilter@402cdec9, org.springframework.security.web.session.SessionManagementFilter@2f29b7bd, org.springframework.security.web.access.ExceptionTranslationFilter@62db3787, org.springframework.security.web.access.intercept.AuthorizationFilter@37d92db4]
2024-05-28T14:45:51.995+09:00  INFO 12692 --- [    Test worker] c.b.BreathOfTheWildBeApplicationTests    : Started BreathOfTheWildBeApplicationTests in 4.933 seconds (process running for 5.842)
]]></system-out>
  <system-err><![CDATA[]]></system-err>
</testsuite>
